                objid  asset_id  0  1  2  ...  50172  50173  50174  50175  gz2class
0  587722983355515025      1003  1  1  1  ...      7      7      6      6     SBc2m
1  587722983890682030      1355  5  6  6  ...      0      0      0      0        Ec
2  587724649802956946      3174  1  2  3  ...      6      5      4      2      Sb2m
3  587724650876371130      3717  7  7  8  ...      1      1      1      2   Sa2t(r)
4  587725039016017969      3768  9  9  9  ...      8      7      6      4      Sa?l

[5 rows x 50179 columns]
gz2class
SB[c-b]    124
Ec         124
S[a-b]     124
Er         124
Name: count, dtype: int64
<class 'pandas.core.frame.DataFrame'>
RangeIndex: 496 entries, 0 to 495
Columns: 50179 entries, objid to gz2class
dtypes: int64(2), object(1), uint8(50176)
memory usage: 23.7+ MB
(496, 50179)
<class 'pandas.core.frame.DataFrame'>
RangeIndex: 496 entries, 0 to 495
Columns: 50179 entries, objid to gz2class
dtypes: int64(2), object(1), uint8(50176)
memory usage: 23.7+ MB
[1mstd Max:[0m 31.584793501637826 
[1std min:[0m 0.0 
[1std mean:[0m 15.955796586899497 
[1std std:[0m 7.830686312933383 
[1std mean - std:[0m 8.125110273966115
Shape after removing low-variance features: (496, 48584)
Number of features ignored: 1607
Original shape: (496, 50191), Reduced shape with PCA: (496, 68)
Fitting 3 folds for each of 16 candidates, totalling 48 fits
Best Model Accuracy: 0.63
Best Hyperparameters: {'max_depth': 20, 'n_estimators': 300}
[1m  Train data	  Test data[0m
[1;34mClass 	[31mCounts[0m	[1;34mClass 	[31mCounts[0m	
[34mEc	[31m97	[34mEc	[31m27
[34mEr	[31m93	[34mEr	[31m31
[34mSB[c-b]	[31m104	[34mSB[c-b]	[31m20
[34mS[a-b]	[31m102	[34mS[a-b]	[31m22
              precision    recall  f1-score   support

          Ec       0.62      0.85      0.72        27
          Er       0.85      0.55      0.67        31
     SB[c-b]       0.52      0.70      0.60        20
      S[a-b]       0.56      0.41      0.47        22

    accuracy                           0.63       100
   macro avg       0.64      0.63      0.61       100
weighted avg       0.66      0.63      0.62       100

[1m  Train data	  Test data	  Pred data[0m
[1mClass 	Counts[0m	[1mClass 	Counts[0m	[1mClass 	Counts[0m	
[1;34mEc	97	[1;31mEc	27	[1;32mEc	37
[1;34mEr	93	[1;31mEr	31	[1;32mEr	20
[1;34mSB[c-b]	104	[1;31mSB[c-b]	20	[1;32mSB[c-b]	27
[1;34mS[a-b]	102	[1;31mS[a-b]	22	[1;32mS[a-b]	16
[CV] END .....................max_depth=30, n_estimators=300; total time=   0.6s
[CV] END .....................max_depth=30, n_estimators=300; total time=   0.6s
[CV] END .....................max_depth=10, n_estimators=400; total time=   0.8s
[CV] END .....................max_depth=20, n_estimators=400; total time=   0.8s
[CV] END .....................max_depth=10, n_estimators=400; total time=   0.8s
[CV] END .....................max_depth=20, n_estimators=200; total time=   0.4s
[CV] END ...................max_depth=None, n_estimators=200; total time=   0.4s
[CV] END .....................max_depth=20, n_estimators=200; total time=   0.4s
[CV] END ...................max_depth=None, n_estimators=200; total time=   0.4s
[CV] END .....................max_depth=20, n_estimators=400; total time=   0.8s
[CV] END .....................max_depth=20, n_estimators=400; total time=   0.8s
[CV] END .....................max_depth=10, n_estimators=400; total time=   0.8s
[CV] END .....................max_depth=30, n_estimators=200; total time=   0.4s
[CV] END ...................max_depth=None, n_estimators=200; total time=   0.4s
[CV] END .....................max_depth=30, n_estimators=400; total time=   0.8s
[CV] END .....................max_depth=30, n_estimators=400; total time=   0.8s
[CV] END .....................max_depth=10, n_estimators=500; total time=   1.0s
[CV] END .....................max_depth=10, n_estimators=500; total time=   1.0s
[CV] END .....................max_depth=20, n_estimators=500; total time=   1.0s
[CV] END .....................max_depth=20, n_estimators=500; total time=   1.0s
[CV] END .....................max_depth=20, n_estimators=500; total time=   1.0s
[CV] END .....................max_depth=10, n_estimators=500; total time=   1.1s
[CV] END .....................max_depth=30, n_estimators=200; total time=   0.4s
[CV] END ...................max_depth=None, n_estimators=300; total time=   0.6s
[CV] END .....................max_depth=30, n_estimators=200; total time=   0.4s
[CV] END ...................max_depth=None, n_estimators=300; total time=   0.6s
[CV] END .....................max_depth=20, n_estimators=300; total time=   0.6s
[CV] END ...................max_depth=None, n_estimators=300; total time=   0.6s
[CV] END .....................max_depth=10, n_estimators=200; total time=   0.4s
[CV] END .....................max_depth=30, n_estimators=400; total time=   0.8s
[CV] END .....................max_depth=20, n_estimators=300; total time=   0.6s
[CV] END ...................max_depth=None, n_estimators=400; total time=   0.8s
[CV] END .....................max_depth=10, n_estimators=300; total time=   0.6s
[CV] END ...................max_depth=None, n_estimators=400; total time=   0.8s
[CV] END .....................max_depth=10, n_estimators=200; total time=   0.4s
[CV] END .....................max_depth=30, n_estimators=500; total time=   1.0s
[CV] END .....................max_depth=10, n_estimators=200; total time=   0.4s
[CV] END .....................max_depth=30, n_estimators=500; total time=   1.0s
[CV] END .....................max_depth=10, n_estimators=300; total time=   0.6s
[CV] END ...................max_depth=None, n_estimators=400; total time=   0.8s
[CV] END .....................max_depth=20, n_estimators=200; total time=   0.4s
[CV] END .....................max_depth=30, n_estimators=500; total time=   1.0s
[CV] END .....................max_depth=10, n_estimators=300; total time=   0.6s
[CV] END ...................max_depth=None, n_estimators=500; total time=   1.0s
[CV] END .....................max_depth=20, n_estimators=300; total time=   0.6s
[CV] END ...................max_depth=None, n_estimators=500; total time=   1.0s
[CV] END .....................max_depth=30, n_estimators=300; total time=   0.6s
[CV] END ...................max_depth=None, n_estimators=500; total time=   1.0s
