                objid  asset_id   0   1  ...  50173  50174  50175  gz2class
0  587722981741625481         6   5   5  ...     19     16     14        Er
1  587722981741822057        13  14   9  ...     15      9      3        Ec
2  587722981747916983        85   2   2  ...     11     11      7      Sa2l
3  587722981747982438        88   1   1  ...      8      6      3        Ec
4  587722982279610435       187  17  14  ...     15     14     12        Ec

[5 rows x 50179 columns]
gz2class
Er         2250
Ec         2250
S[a-b]     2250
SB[c-b]    2250
Name: count, dtype: int64
<class 'pandas.core.frame.DataFrame'>
RangeIndex: 9000 entries, 0 to 8999
Columns: 50179 entries, objid to gz2class
dtypes: int64(2), object(1), uint8(50176)
memory usage: 430.9+ MB
(9000, 50179)
<class 'pandas.core.frame.DataFrame'>
RangeIndex: 9000 entries, 0 to 8999
Columns: 50179 entries, objid to gz2class
dtypes: int64(2), object(1), uint8(50176)
memory usage: 430.9+ MB
[1mstd Max:[0m 31.70207195861393 
[1std min:[0m 2.359660027301485 
[1std mean:[0m 15.251231977902405 
[1std std:[0m 8.134808267558878 
[1std mean - std:[0m 7.116423710343527
Shape after removing low-variance features: (9000, 50039)
Number of features ignored: 152
Original shape: (9000, 50191), Reduced shape with PCA: (9000, 171)
Fitting 3 folds for each of 16 candidates, totalling 48 fits
Best Model Accuracy: 0.6761111111111111
Best Hyperparameters: {'max_depth': 30, 'n_estimators': 500}
[1m  Train data	  Test data[0m
[1;34mClass 	[31mCounts[0m	[1;34mClass 	[31mCounts[0m	
[34mEc	[31m1815	[34mEc	[31m435
[34mEr	[31m1797	[34mEr	[31m453
[34mSB[c-b]	[31m1760	[34mSB[c-b]	[31m490
[34mS[a-b]	[31m1828	[34mS[a-b]	[31m422
              precision    recall  f1-score   support

          Ec       0.71      0.93      0.81       435
          Er       0.74      0.77      0.75       453
     SB[c-b]       0.76      0.56      0.64       490
      S[a-b]       0.47      0.45      0.46       422

    accuracy                           0.68      1800
   macro avg       0.67      0.68      0.67      1800
weighted avg       0.68      0.68      0.67      1800

[1m  Train data	  Test data	  Pred data[0m
[1mClass 	Counts[0m	[1mClass 	Counts[0m	[1mClass 	Counts[0m	
[1;34mEc	1815	[1;31mEc	435	[1;32mEc	568
[1;34mEr	1797	[1;31mEr	453	[1;32mEr	469
[1;34mSB[c-b]	1760	[1;31mSB[c-b]	490	[1;32mSB[c-b]	361
[1;34mS[a-b]	1828	[1;31mS[a-b]	422	[1;32mS[a-b]	402
[CV] END .....................max_depth=10, n_estimators=400; total time=  17.1s
[CV] END .....................max_depth=10, n_estimators=400; total time=  17.2s
[CV] END .....................max_depth=10, n_estimators=400; total time=  17.3s
[CV] END .....................max_depth=30, n_estimators=300; total time=  17.3s
[CV] END .....................max_depth=30, n_estimators=300; total time=  17.6s
[CV] END .....................max_depth=10, n_estimators=500; total time=  21.3s
[CV] END .....................max_depth=10, n_estimators=500; total time=  21.5s
[CV] END .....................max_depth=10, n_estimators=500; total time=  21.7s
[CV] END .....................max_depth=20, n_estimators=400; total time=  22.2s
[CV] END .....................max_depth=20, n_estimators=400; total time=  22.2s
[CV] END .....................max_depth=20, n_estimators=200; total time=  11.3s
[CV] END ...................max_depth=None, n_estimators=200; total time=  11.2s
[CV] END .....................max_depth=20, n_estimators=400; total time=  22.6s
[CV] END .....................max_depth=20, n_estimators=200; total time=  11.3s
[CV] END ...................max_depth=None, n_estimators=200; total time=  11.3s
[CV] END .....................max_depth=30, n_estimators=400; total time=  22.7s
[CV] END .....................max_depth=30, n_estimators=200; total time=  11.4s
[CV] END ...................max_depth=None, n_estimators=200; total time=  11.3s
[CV] END .....................max_depth=30, n_estimators=400; total time=  22.7s
[CV] END .....................max_depth=20, n_estimators=500; total time=  27.3s
[CV] END .....................max_depth=20, n_estimators=500; total time=  27.5s
[CV] END .....................max_depth=30, n_estimators=200; total time=  11.6s
[CV] END ...................max_depth=None, n_estimators=300; total time=  16.8s
[CV] END .....................max_depth=30, n_estimators=200; total time=  11.8s
[CV] END ...................max_depth=None, n_estimators=300; total time=  16.6s
[CV] END .....................max_depth=20, n_estimators=500; total time=  28.5s
[CV] END .....................max_depth=10, n_estimators=300; total time=  12.9s
[CV] END ...................max_depth=None, n_estimators=300; total time=  16.7s
[CV] END .....................max_depth=10, n_estimators=200; total time=   8.6s
[CV] END .....................max_depth=30, n_estimators=400; total time=  22.2s
[CV] END .....................max_depth=10, n_estimators=300; total time=  12.9s
[CV] END ...................max_depth=None, n_estimators=400; total time=  21.9s
[CV] END .....................max_depth=10, n_estimators=300; total time=  12.9s
[CV] END ...................max_depth=None, n_estimators=400; total time=  22.0s
[CV] END .....................max_depth=10, n_estimators=200; total time=   8.7s
[CV] END .....................max_depth=30, n_estimators=500; total time=  27.6s
[CV] END .....................max_depth=10, n_estimators=200; total time=   8.8s
[CV] END .....................max_depth=30, n_estimators=500; total time=  27.5s
[CV] END .....................max_depth=20, n_estimators=300; total time=  16.7s
[CV] END ...................max_depth=None, n_estimators=400; total time=  21.7s
[CV] END .....................max_depth=20, n_estimators=200; total time=  11.2s
[CV] END .....................max_depth=30, n_estimators=500; total time=  27.4s
[CV] END .....................max_depth=30, n_estimators=300; total time=  17.1s
[CV] END ...................max_depth=None, n_estimators=500; total time=  26.8s
[CV] END .....................max_depth=20, n_estimators=300; total time=  16.7s
[CV] END ...................max_depth=None, n_estimators=500; total time=  27.3s
[CV] END .....................max_depth=20, n_estimators=300; total time=  16.9s
[CV] END ...................max_depth=None, n_estimators=500; total time=  27.4s
