                objid  asset_id   0  1  2  ...  50172  50173  50174  50175  gz2class
0  587722981741625481         6   5  5  4  ...     22     19     16     14        Er
1  587722981741822057        13  14  9  3  ...     20     15      9      3        Ec
2  587722981747916983        85   2  2  2  ...     10     11     11      7      Sa2l
3  587722981747982438        88   1  1  1  ...     10      8      6      3        Ec
4  587722981755650171       165   1  0  0  ...      1      3      4      5       SBc

[5 rows x 50179 columns]
gz2class
Er         2500
Ec         2500
S[a-b]     2500
SB[c-b]    2500
Name: count, dtype: int64
<class 'pandas.core.frame.DataFrame'>
RangeIndex: 10000 entries, 0 to 9999
Columns: 50179 entries, objid to gz2class
dtypes: int64(2), object(1), uint8(50176)
memory usage: 478.7+ MB
(10000, 50179)
<class 'pandas.core.frame.DataFrame'>
RangeIndex: 10000 entries, 0 to 9999
Columns: 50179 entries, objid to gz2class
dtypes: int64(2), object(1), uint8(50176)
memory usage: 478.7+ MB
[1mstd Max:[0m 31.72234654561355 
[1std min:[0m 2.2715979199673524 
[1std mean:[0m 15.2526109015587 
[1std std:[0m 8.14138754574376 
[1std mean - std:[0m 7.111223355814941
Shape after removing low-variance features: (10000, 50030)
Number of features ignored: 162
Original shape: (10000, 50192), Reduced shape with PCA: (10000, 174)
Fitting 3 folds for each of 16 candidates, totalling 48 fits
Best Model Accuracy: 0.6645
Best Hyperparameters: {'max_depth': 30, 'n_estimators': 400}
[1m  Train data	  Test data[0m
[1;34mClass 	[31mCounts[0m	[1;34mClass 	[31mCounts[0m	
[34mEc	[31m2011	[34mEc	[31m489
[34mEr	[31m1996	[34mEr	[31m504
[34mSB[c-b]	[31m2013	[34mSB[c-b]	[31m487
[34mS[a-b]	[31m1980	[34mS[a-b]	[31m520
              precision    recall  f1-score   support

          Ec       0.70      0.88      0.78       489
          Er       0.74      0.75      0.74       504
     SB[c-b]       0.66      0.63      0.64       487
      S[a-b]       0.52      0.42      0.46       520

    accuracy                           0.66      2000
   macro avg       0.66      0.67      0.66      2000
weighted avg       0.65      0.66      0.66      2000

[1m  Train data	  Test data	  Pred data[0m
[1mClass 	Counts[0m	[1mClass 	Counts[0m	[1mClass 	Counts[0m	
[1;34mEc	2011	[1;31mEc	489	[1;32mEc	613
[1;34mEr	1996	[1;31mEr	504	[1;32mEr	511
[1;34mSB[c-b]	2013	[1;31mSB[c-b]	487	[1;32mSB[c-b]	462
[1;34mS[a-b]	1980	[1;31mS[a-b]	520	[1;32mS[a-b]	414
[CV] END .....................max_depth=10, n_estimators=400; total time=  20.9s
[CV] END .....................max_depth=30, n_estimators=300; total time=  21.1s
[CV] END .....................max_depth=30, n_estimators=300; total time=  21.1s
[CV] END .....................max_depth=30, n_estimators=300; total time=  21.2s
[CV] END .....................max_depth=10, n_estimators=400; total time=  21.3s
[CV] END .....................max_depth=10, n_estimators=500; total time=  25.7s
[CV] END .....................max_depth=10, n_estimators=500; total time=  25.7s
[CV] END .....................max_depth=10, n_estimators=500; total time=  26.4s
[CV] END .....................max_depth=20, n_estimators=400; total time=  26.8s
[CV] END .....................max_depth=20, n_estimators=400; total time=  27.0s
[CV] END .....................max_depth=20, n_estimators=400; total time=  27.0s
[CV] END .....................max_depth=20, n_estimators=200; total time=  13.8s
[CV] END ...................max_depth=None, n_estimators=200; total time=  13.9s
[CV] END .....................max_depth=20, n_estimators=200; total time=  13.7s
[CV] END ...................max_depth=None, n_estimators=200; total time=  14.1s
[CV] END .....................max_depth=30, n_estimators=400; total time=  27.8s
[CV] END .....................max_depth=30, n_estimators=200; total time=  13.9s
[CV] END ...................max_depth=None, n_estimators=200; total time=  13.9s
[CV] END .....................max_depth=30, n_estimators=400; total time=  27.9s
[CV] END .....................max_depth=20, n_estimators=500; total time=  33.7s
[CV] END .....................max_depth=20, n_estimators=500; total time=  33.8s
[CV] END .....................max_depth=20, n_estimators=500; total time=  33.8s
[CV] END .....................max_depth=30, n_estimators=200; total time=  14.1s
[CV] END ...................max_depth=None, n_estimators=300; total time=  20.4s
[CV] END .....................max_depth=30, n_estimators=200; total time=  14.0s
[CV] END ...................max_depth=None, n_estimators=300; total time=  20.7s
[CV] END .....................max_depth=10, n_estimators=300; total time=  15.5s
[CV] END ...................max_depth=None, n_estimators=300; total time=  20.6s
[CV] END .....................max_depth=10, n_estimators=200; total time=  10.5s
[CV] END .....................max_depth=30, n_estimators=400; total time=  27.4s
[CV] END .....................max_depth=10, n_estimators=300; total time=  15.5s
[CV] END ...................max_depth=None, n_estimators=400; total time=  27.1s
[CV] END .....................max_depth=10, n_estimators=300; total time=  15.6s
[CV] END ...................max_depth=None, n_estimators=400; total time=  27.4s
[CV] END .....................max_depth=10, n_estimators=200; total time=  10.6s
[CV] END .....................max_depth=30, n_estimators=500; total time=  33.8s
[CV] END .....................max_depth=10, n_estimators=200; total time=  10.6s
[CV] END .....................max_depth=30, n_estimators=500; total time=  34.0s
[CV] END .....................max_depth=20, n_estimators=300; total time=  20.4s
[CV] END ...................max_depth=None, n_estimators=400; total time=  26.7s
[CV] END .....................max_depth=20, n_estimators=200; total time=  13.7s
[CV] END .....................max_depth=30, n_estimators=500; total time=  34.0s
[CV] END .....................max_depth=10, n_estimators=400; total time=  20.7s
[CV] END ...................max_depth=None, n_estimators=500; total time=  33.2s
[CV] END .....................max_depth=20, n_estimators=300; total time=  20.6s
[CV] END ...................max_depth=None, n_estimators=500; total time=  33.4s
[CV] END .....................max_depth=20, n_estimators=300; total time=  20.7s
[CV] END ...................max_depth=None, n_estimators=500; total time=  33.7s
